{"numFailedTestSuites":0,"numFailedTests":0,"numPassedTestSuites":8,"numPassedTests":17,"numPendingTestSuites":0,"numPendingTests":0,"numRuntimeErrorTestSuites":0,"numTodoTests":0,"numTotalTestSuites":8,"numTotalTests":17,"openHandles":[],"snapshot":{"added":0,"didUpdate":false,"failure":false,"filesAdded":0,"filesRemoved":0,"filesRemovedList":[],"filesUnmatched":0,"filesUpdated":0,"matched":0,"total":0,"unchecked":0,"uncheckedKeysByFile":[],"unmatched":0,"updated":0},"startTime":1648077020175,"success":true,"testResults":[{"assertionResults":[{"ancestorTitles":["button"],"failureMessages":[],"fullName":"button should build","location":null,"status":"passed","title":"should build"},{"ancestorTitles":["button","rendering"],"failureMessages":[],"fullName":"button rendering creates the element","location":null,"status":"passed","title":"creates the element"}],"endTime":1648077022936,"message":"","name":"/Users/abid/Projects/Pro Framework/src/atoms/button/button.spec.ts","startTime":1648077021360,"status":"passed","summary":""},{"assertionResults":[{"ancestorTitles":["card"],"failureMessages":[],"fullName":"card should build","location":null,"status":"passed","title":"should build"},{"ancestorTitles":["card","rendering"],"failureMessages":[],"fullName":"card rendering creates the element","location":null,"status":"passed","title":"creates the element"}],"endTime":1648077022966,"message":"","name":"/Users/abid/Projects/Pro Framework/src/atoms/card/card.spec.ts","startTime":1648077021398,"status":"passed","summary":""},{"assertionResults":[{"ancestorTitles":["my-component"],"failureMessages":[],"fullName":"my-component renders","location":null,"status":"passed","title":"renders"},{"ancestorTitles":["my-component"],"failureMessages":[],"fullName":"my-component renders with values","location":null,"status":"passed","title":"renders with values"}],"endTime":1648077022995,"message":"","name":"/Users/abid/Projects/Pro Framework/src/molecules/gallery/gallery.spec.ts","startTime":1648077021374,"status":"passed","summary":""},{"assertionResults":[{"ancestorTitles":["image"],"failureMessages":[],"fullName":"image should build","location":null,"status":"passed","title":"should build"},{"ancestorTitles":["image","rendering"],"failureMessages":[],"fullName":"image rendering creates the element","location":null,"status":"passed","title":"creates the element"}],"endTime":1648077023014,"message":"","name":"/Users/abid/Projects/Pro Framework/src/atoms/image/image.spec.ts","startTime":1648077021392,"status":"passed","summary":""},{"assertionResults":[{"ancestorTitles":["carousel"],"failureMessages":[],"fullName":"carousel should build","location":null,"status":"passed","title":"should build"},{"ancestorTitles":["carousel","rendering"],"failureMessages":[],"fullName":"carousel rendering creates the element","location":null,"status":"passed","title":"creates the element"}],"endTime":1648077023010,"message":"","name":"/Users/abid/Projects/Pro Framework/src/atoms/carousel/carousel.spec.ts","startTime":1648077021437,"status":"passed","summary":""},{"assertionResults":[{"ancestorTitles":["skeleton"],"failureMessages":[],"fullName":"skeleton should build","location":null,"status":"passed","title":"should build"},{"ancestorTitles":["skeleton","rendering"],"failureMessages":[],"fullName":"skeleton rendering creates the element","location":null,"status":"passed","title":"creates the element"}],"endTime":1648077023065,"message":"","name":"/Users/abid/Projects/Pro Framework/src/atoms/skeleton/skeleton.spec.ts","startTime":1648077021545,"status":"passed","summary":""},{"assertionResults":[{"ancestorTitles":["format"],"failureMessages":[],"fullName":"format returns empty string for no names defined","location":null,"status":"passed","title":"returns empty string for no names defined"},{"ancestorTitles":["format"],"failureMessages":[],"fullName":"format formats just first names","location":null,"status":"passed","title":"formats just first names"},{"ancestorTitles":["format"],"failureMessages":[],"fullName":"format formats first and last names","location":null,"status":"passed","title":"formats first and last names"},{"ancestorTitles":["format"],"failureMessages":[],"fullName":"format formats first, middle and last names","location":null,"status":"passed","title":"formats first, middle and last names"}],"endTime":1648077023126,"message":"","name":"/Users/abid/Projects/Pro Framework/src/utils/utils.spec.ts","startTime":1648077021525,"status":"passed","summary":""},{"assertionResults":[{"ancestorTitles":["my-component"],"failureMessages":[],"fullName":"my-component renders","location":null,"status":"passed","title":"renders"}],"endTime":1648077024044,"message":"","name":"/Users/abid/Projects/Pro Framework/src/molecules/gallery/gallery.e2e.ts","startTime":1648077021364,"status":"passed","summary":""}],"wasInterrupted":false}