{"numFailedTestSuites":0,"numFailedTests":0,"numPassedTestSuites":8,"numPassedTests":17,"numPendingTestSuites":0,"numPendingTests":0,"numRuntimeErrorTestSuites":0,"numTodoTests":0,"numTotalTestSuites":8,"numTotalTests":17,"openHandles":[],"snapshot":{"added":0,"didUpdate":false,"failure":false,"filesAdded":0,"filesRemoved":0,"filesRemovedList":[],"filesUnmatched":0,"filesUpdated":0,"matched":0,"total":0,"unchecked":0,"uncheckedKeysByFile":[],"unmatched":0,"updated":0},"startTime":1648076297603,"success":true,"testResults":[{"assertionResults":[{"ancestorTitles":["carousel"],"failureMessages":[],"fullName":"carousel should build","location":null,"status":"passed","title":"should build"},{"ancestorTitles":["carousel","rendering"],"failureMessages":[],"fullName":"carousel rendering creates the element","location":null,"status":"passed","title":"creates the element"}],"endTime":1648076300398,"message":"","name":"/Users/abid/Projects/Pro Framework/src/atoms/carousel/carousel.spec.ts","startTime":1648076298846,"status":"passed","summary":""},{"assertionResults":[{"ancestorTitles":["card"],"failureMessages":[],"fullName":"card should build","location":null,"status":"passed","title":"should build"},{"ancestorTitles":["card","rendering"],"failureMessages":[],"fullName":"card rendering creates the element","location":null,"status":"passed","title":"creates the element"}],"endTime":1648076300433,"message":"","name":"/Users/abid/Projects/Pro Framework/src/atoms/card/card.spec.ts","startTime":1648076298860,"status":"passed","summary":""},{"assertionResults":[{"ancestorTitles":["button"],"failureMessages":[],"fullName":"button should build","location":null,"status":"passed","title":"should build"},{"ancestorTitles":["button","rendering"],"failureMessages":[],"fullName":"button rendering creates the element","location":null,"status":"passed","title":"creates the element"}],"endTime":1648076300455,"message":"","name":"/Users/abid/Projects/Pro Framework/src/atoms/button/button.spec.ts","startTime":1648076298889,"status":"passed","summary":""},{"assertionResults":[{"ancestorTitles":["format"],"failureMessages":[],"fullName":"format returns empty string for no names defined","location":null,"status":"passed","title":"returns empty string for no names defined"},{"ancestorTitles":["format"],"failureMessages":[],"fullName":"format formats just first names","location":null,"status":"passed","title":"formats just first names"},{"ancestorTitles":["format"],"failureMessages":[],"fullName":"format formats first and last names","location":null,"status":"passed","title":"formats first and last names"},{"ancestorTitles":["format"],"failureMessages":[],"fullName":"format formats first, middle and last names","location":null,"status":"passed","title":"formats first, middle and last names"}],"endTime":1648076300487,"message":"","name":"/Users/abid/Projects/Pro Framework/src/utils/utils.spec.ts","startTime":1648076298914,"status":"passed","summary":""},{"assertionResults":[{"ancestorTitles":["my-component"],"failureMessages":[],"fullName":"my-component renders","location":null,"status":"passed","title":"renders"},{"ancestorTitles":["my-component"],"failureMessages":[],"fullName":"my-component renders with values","location":null,"status":"passed","title":"renders with values"}],"endTime":1648076300472,"message":"","name":"/Users/abid/Projects/Pro Framework/src/molecules/gallery/gallery.spec.ts","startTime":1648076298859,"status":"passed","summary":""},{"assertionResults":[{"ancestorTitles":["image"],"failureMessages":[],"fullName":"image should build","location":null,"status":"passed","title":"should build"},{"ancestorTitles":["image","rendering"],"failureMessages":[],"fullName":"image rendering creates the element","location":null,"status":"passed","title":"creates the element"}],"endTime":1648076300504,"message":"","name":"/Users/abid/Projects/Pro Framework/src/atoms/image/image.spec.ts","startTime":1648076298919,"status":"passed","summary":""},{"assertionResults":[{"ancestorTitles":["skeleton"],"failureMessages":[],"fullName":"skeleton should build","location":null,"status":"passed","title":"should build"},{"ancestorTitles":["skeleton","rendering"],"failureMessages":[],"fullName":"skeleton rendering creates the element","location":null,"status":"passed","title":"creates the element"}],"endTime":1648076300518,"message":"","name":"/Users/abid/Projects/Pro Framework/src/atoms/skeleton/skeleton.spec.ts","startTime":1648076298898,"status":"passed","summary":""},{"assertionResults":[{"ancestorTitles":["my-component"],"failureMessages":[],"fullName":"my-component renders","location":null,"status":"passed","title":"renders"}],"endTime":1648076301536,"message":"","name":"/Users/abid/Projects/Pro Framework/src/molecules/gallery/gallery.e2e.ts","startTime":1648076298869,"status":"passed","summary":""}],"wasInterrupted":false}