{"numFailedTestSuites":1,"numFailedTests":2,"numPassedTestSuites":6,"numPassedTests":11,"numPendingTestSuites":0,"numPendingTests":0,"numRuntimeErrorTestSuites":0,"numTodoTests":0,"numTotalTestSuites":7,"numTotalTests":13,"openHandles":[],"snapshot":{"added":0,"didUpdate":false,"failure":false,"filesAdded":0,"filesRemoved":0,"filesRemovedList":[],"filesUnmatched":0,"filesUpdated":0,"matched":0,"total":0,"unchecked":0,"uncheckedKeysByFile":[],"unmatched":0,"updated":0},"startTime":1650087890478,"success":false,"testResults":[{"assertionResults":[{"ancestorTitles":["card"],"failureMessages":[],"fullName":"card should build","location":null,"status":"passed","title":"should build"},{"ancestorTitles":["card","rendering"],"failureMessages":[],"fullName":"card rendering creates the element","location":null,"status":"passed","title":"creates the element"}],"endTime":1650087894842,"message":"","name":"/Users/abid/Projects/Pro Framework/apps/app/src/atoms/card/card.spec.ts","startTime":1650087892198,"status":"passed","summary":""},{"assertionResults":[{"ancestorTitles":["button"],"failureMessages":[],"fullName":"button should build","location":null,"status":"passed","title":"should build"},{"ancestorTitles":["button","rendering"],"failureMessages":[],"fullName":"button rendering creates the element","location":null,"status":"passed","title":"creates the element"}],"endTime":1650087894980,"message":"","name":"/Users/abid/Projects/Pro Framework/apps/app/src/atoms/button/button.spec.ts","startTime":1650087892254,"status":"passed","summary":""},{"assertionResults":[{"ancestorTitles":["image"],"failureMessages":[],"fullName":"image should build","location":null,"status":"passed","title":"should build"},{"ancestorTitles":["image","rendering"],"failureMessages":[],"fullName":"image rendering creates the element","location":null,"status":"passed","title":"creates the element"}],"endTime":1650087895058,"message":"","name":"/Users/abid/Projects/Pro Framework/apps/app/src/atoms/image/image.spec.ts","startTime":1650087892395,"status":"passed","summary":""},{"assertionResults":[{"ancestorTitles":["skeleton"],"failureMessages":[],"fullName":"skeleton should build","location":null,"status":"passed","title":"should build"},{"ancestorTitles":["skeleton","rendering"],"failureMessages":[],"fullName":"skeleton rendering creates the element","location":null,"status":"passed","title":"creates the element"}],"endTime":1650087895136,"message":"","name":"/Users/abid/Projects/Pro Framework/apps/app/src/atoms/skeleton/skeleton.spec.ts","startTime":1650087892318,"status":"passed","summary":""},{"assertionResults":[{"ancestorTitles":["carousel"],"failureMessages":[],"fullName":"carousel should build","location":null,"status":"passed","title":"should build"},{"ancestorTitles":["carousel","rendering"],"failureMessages":[],"fullName":"carousel rendering creates the element","location":null,"status":"passed","title":"creates the element"}],"endTime":1650087895159,"message":"","name":"/Users/abid/Projects/Pro Framework/apps/app/src/atoms/carousel/carousel.spec.ts","startTime":1650087892487,"status":"passed","summary":""},{"assertionResults":[{"ancestorTitles":["my-component"],"failureMessages":["Error: Failed: \"flushQueue: [object Object]\"\n    at Env.it (/Users/abid/Projects/Pro Framework/node_modules/jest-jasmine2/build/jasmineAsyncInstall.js:162:24)\n    at it (/Users/abid/Projects/Pro Framework/node_modules/jest-jasmine2/build/jasmine/jasmineLight.js:100:21)\n    at Suite.<anonymous> (/Users/abid/Projects/Pro Framework/apps/app/src/molecules/gallery/gallery.spec.ts:5:3)\n    at addSpecsToSuite (/Users/abid/Projects/Pro Framework/node_modules/jest-jasmine2/build/jasmine/Env.js:433:49)\n    at Env.describe (/Users/abid/Projects/Pro Framework/node_modules/jest-jasmine2/build/jasmine/Env.js:403:9)\n    at describe (/Users/abid/Projects/Pro Framework/node_modules/jest-jasmine2/build/jasmine/jasmineLight.js:88:18)\n    at Object.<anonymous> (/Users/abid/Projects/Pro Framework/apps/app/src/molecules/gallery/gallery.spec.ts:4:1)\n    at Runtime._execModule (/Users/abid/Projects/Pro Framework/node_modules/jest-runtime/build/index.js:1646:24)\n    at Runtime._loadModule (/Users/abid/Projects/Pro Framework/node_modules/jest-runtime/build/index.js:1185:12)\n    at Runtime.requireModule (/Users/abid/Projects/Pro Framework/node_modules/jest-runtime/build/index.js:1009:12)"],"fullName":"my-component renders","location":null,"status":"failed","title":"renders"},{"ancestorTitles":["my-component"],"failureMessages":["Error: Failed: \"flushQueue: [object Object]\"\n    at Env.it (/Users/abid/Projects/Pro Framework/node_modules/jest-jasmine2/build/jasmineAsyncInstall.js:162:24)\n    at it (/Users/abid/Projects/Pro Framework/node_modules/jest-jasmine2/build/jasmine/jasmineLight.js:100:21)\n    at Suite.<anonymous> (/Users/abid/Projects/Pro Framework/apps/app/src/molecules/gallery/gallery.spec.ts:22:3)\n    at addSpecsToSuite (/Users/abid/Projects/Pro Framework/node_modules/jest-jasmine2/build/jasmine/Env.js:433:49)\n    at Env.describe (/Users/abid/Projects/Pro Framework/node_modules/jest-jasmine2/build/jasmine/Env.js:403:9)\n    at describe (/Users/abid/Projects/Pro Framework/node_modules/jest-jasmine2/build/jasmine/jasmineLight.js:88:18)\n    at Object.<anonymous> (/Users/abid/Projects/Pro Framework/apps/app/src/molecules/gallery/gallery.spec.ts:4:1)\n    at Runtime._execModule (/Users/abid/Projects/Pro Framework/node_modules/jest-runtime/build/index.js:1646:24)\n    at Runtime._loadModule (/Users/abid/Projects/Pro Framework/node_modules/jest-runtime/build/index.js:1185:12)\n    at Runtime.requireModule (/Users/abid/Projects/Pro Framework/node_modules/jest-runtime/build/index.js:1009:12)"],"fullName":"my-component renders with values","location":null,"status":"failed","title":"renders with values"}],"endTime":1650087895166,"message":"\u001b[1m\u001b[31m  \u001b[1m● \u001b[22m\u001b[1mmy-component › renders\u001b[39m\u001b[22m\n\n    Failed: \"flushQueue: [object Object]\"\n\u001b[2m\u001b[22m\n\u001b[2m    \u001b[0m \u001b[90m 3 |\u001b[39m\u001b[0m\u001b[22m\n\u001b[2m    \u001b[0m \u001b[90m 4 |\u001b[39m describe(\u001b[32m'my-component'\u001b[39m\u001b[33m,\u001b[39m () \u001b[33m=>\u001b[39m {\u001b[0m\u001b[22m\n\u001b[2m    \u001b[0m\u001b[31m\u001b[1m>\u001b[22m\u001b[2m\u001b[39m\u001b[90m 5 |\u001b[39m   it(\u001b[32m'renders'\u001b[39m\u001b[33m,\u001b[39m \u001b[36masync\u001b[39m () \u001b[33m=>\u001b[39m {\u001b[0m\u001b[22m\n\u001b[2m    \u001b[0m \u001b[90m   |\u001b[39m   \u001b[31m\u001b[1m^\u001b[22m\u001b[2m\u001b[39m\u001b[0m\u001b[22m\n\u001b[2m    \u001b[0m \u001b[90m 6 |\u001b[39m     \u001b[36mconst\u001b[39m { root } \u001b[33m=\u001b[39m \u001b[36mawait\u001b[39m newSpecPage({\u001b[0m\u001b[22m\n\u001b[2m    \u001b[0m \u001b[90m 7 |\u001b[39m       components\u001b[33m:\u001b[39m [\u001b[33mComponentGallery\u001b[39m]\u001b[33m,\u001b[39m\u001b[0m\u001b[22m\n\u001b[2m    \u001b[0m \u001b[90m 8 |\u001b[39m       html\u001b[33m:\u001b[39m \u001b[32m'<component-gallery></component-gallery>'\u001b[39m\u001b[33m,\u001b[39m\u001b[0m\u001b[22m\n\u001b[2m\u001b[22m\n\u001b[2m      \u001b[2mat Env.it (\u001b[22m\u001b[2m../../node_modules/jest-jasmine2/build/jasmineAsyncInstall.js\u001b[2m:162:24)\u001b[22m\u001b[2m\u001b[22m\n\u001b[2m      \u001b[2mat Suite.<anonymous> (\u001b[22m\u001b[2m\u001b[0m\u001b[36msrc/molecules/gallery/gallery.spec.ts\u001b[39m\u001b[0m\u001b[2m:5:3)\u001b[22m\u001b[2m\u001b[22m\n\u001b[2m      \u001b[2mat Object.<anonymous> (\u001b[22m\u001b[2m\u001b[0m\u001b[36msrc/molecules/gallery/gallery.spec.ts\u001b[39m\u001b[0m\u001b[2m:4:1)\u001b[22m\u001b[2m\u001b[22m\n\n\u001b[1m\u001b[31m  \u001b[1m● \u001b[22m\u001b[1mmy-component › renders with values\u001b[39m\u001b[22m\n\n    Failed: \"flushQueue: [object Object]\"\n\u001b[2m\u001b[22m\n\u001b[2m    \u001b[0m \u001b[90m 20 |\u001b[39m   })\u001b[33m;\u001b[39m\u001b[0m\u001b[22m\n\u001b[2m    \u001b[0m \u001b[90m 21 |\u001b[39m\u001b[0m\u001b[22m\n\u001b[2m    \u001b[0m\u001b[31m\u001b[1m>\u001b[22m\u001b[2m\u001b[39m\u001b[90m 22 |\u001b[39m   it(\u001b[32m'renders with values'\u001b[39m\u001b[33m,\u001b[39m \u001b[36masync\u001b[39m () \u001b[33m=>\u001b[39m {\u001b[0m\u001b[22m\n\u001b[2m    \u001b[0m \u001b[90m    |\u001b[39m   \u001b[31m\u001b[1m^\u001b[22m\u001b[2m\u001b[39m\u001b[0m\u001b[22m\n\u001b[2m    \u001b[0m \u001b[90m 23 |\u001b[39m     \u001b[36mconst\u001b[39m { root } \u001b[33m=\u001b[39m \u001b[36mawait\u001b[39m newSpecPage({\u001b[0m\u001b[22m\n\u001b[2m    \u001b[0m \u001b[90m 24 |\u001b[39m       components\u001b[33m:\u001b[39m [\u001b[33mComponentGallery\u001b[39m]\u001b[33m,\u001b[39m\u001b[0m\u001b[22m\n\u001b[2m    \u001b[0m \u001b[90m 25 |\u001b[39m       html\u001b[33m:\u001b[39m \u001b[32m`<component-gallery first=\"Stencil\" last=\"'Don't call me a framework' JS\"></component-gallery>`\u001b[39m\u001b[33m,\u001b[39m\u001b[0m\u001b[22m\n\u001b[2m\u001b[22m\n\u001b[2m      \u001b[2mat Env.it (\u001b[22m\u001b[2m../../node_modules/jest-jasmine2/build/jasmineAsyncInstall.js\u001b[2m:162:24)\u001b[22m\u001b[2m\u001b[22m\n\u001b[2m      \u001b[2mat Suite.<anonymous> (\u001b[22m\u001b[2m\u001b[0m\u001b[36msrc/molecules/gallery/gallery.spec.ts\u001b[39m\u001b[0m\u001b[2m:22:3)\u001b[22m\u001b[2m\u001b[22m\n\u001b[2m      \u001b[2mat Object.<anonymous> (\u001b[22m\u001b[2m\u001b[0m\u001b[36msrc/molecules/gallery/gallery.spec.ts\u001b[39m\u001b[0m\u001b[2m:4:1)\u001b[22m\u001b[2m\u001b[22m\n","name":"/Users/abid/Projects/Pro Framework/apps/app/src/molecules/gallery/gallery.spec.ts","startTime":1650087892352,"status":"failed","summary":""},{"assertionResults":[{"ancestorTitles":["my-component"],"failureMessages":[],"fullName":"my-component renders","location":null,"status":"passed","title":"renders"}],"endTime":1650087896465,"message":"","name":"/Users/abid/Projects/Pro Framework/apps/app/src/molecules/gallery/gallery.e2e.ts","startTime":1650087892287,"status":"passed","summary":""}],"wasInterrupted":false}